[ 2017-04-05T04:18:50+08:00 ] ::1 /zjkgj/gongjiao/index.php/Home/Index/index.html
INFO: [ app_init ] --START--
INFO: Run Behavior\BuildLiteBehavior [ RunTime:0.000000s ]
INFO: [ app_init ] --END-- [ RunTime:0.000000s ]
INFO: [ app_begin ] --START--
INFO: Run Behavior\ReadHtmlCacheBehavior [ RunTime:0.001000s ]
INFO: [ app_begin ] --END-- [ RunTime:0.001000s ]
INFO: [ view_parse ] --START--
INFO: [ template_filter ] --START--
INFO: Run Behavior\ContentReplaceBehavior [ RunTime:0.000000s ]
INFO: [ template_filter ] --END-- [ RunTime:0.000000s ]
INFO: Run Behavior\ParseTemplateBehavior [ RunTime:0.003000s ]
INFO: [ view_parse ] --END-- [ RunTime:0.003000s ]
INFO: [ view_filter ] --START--
INFO: Run Behavior\WriteHtmlCacheBehavior [ RunTime:0.000000s ]
INFO: [ view_filter ] --END-- [ RunTime:0.000000s ]
INFO: [ app_end ] --START--
INFO: Run Behavior\ShowPageTraceBehavior [ RunTime:0.000000s ]
INFO: [ app_end ] --END-- [ RunTime:0.000000s ]

[ 2017-04-05T04:18:50+08:00 ] ::1 /zjkgj/gongjiao/index.php/Home/Index/head.html
INFO: [ app_init ] --START--
INFO: Run Behavior\BuildLiteBehavior [ RunTime:0.000000s ]
INFO: [ app_init ] --END-- [ RunTime:0.000000s ]
INFO: [ app_begin ] --START--
INFO: Run Behavior\ReadHtmlCacheBehavior [ RunTime:0.001000s ]
INFO: [ app_begin ] --END-- [ RunTime:0.001000s ]
INFO: [ view_parse ] --START--
INFO: [ template_filter ] --START--
INFO: Run Behavior\ContentReplaceBehavior [ RunTime:0.000000s ]
INFO: [ template_filter ] --END-- [ RunTime:0.000000s ]
INFO: Run Behavior\ParseTemplateBehavior [ RunTime:0.006001s ]
INFO: [ view_parse ] --END-- [ RunTime:0.006001s ]
INFO: [ view_filter ] --START--
INFO: Run Behavior\WriteHtmlCacheBehavior [ RunTime:0.000000s ]
INFO: [ view_filter ] --END-- [ RunTime:0.000000s ]
INFO: [ app_end ] --START--
INFO: Run Behavior\ShowPageTraceBehavior [ RunTime:0.001000s ]
INFO: [ app_end ] --END-- [ RunTime:0.001000s ]

[ 2017-04-05T04:18:50+08:00 ] ::1 /zjkgj/gongjiao/index.php/Home/Index/right.html
INFO: [ app_init ] --START--
INFO: Run Behavior\BuildLiteBehavior [ RunTime:0.000000s ]
INFO: [ app_init ] --END-- [ RunTime:0.000000s ]
INFO: [ app_begin ] --START--
INFO: Run Behavior\ReadHtmlCacheBehavior [ RunTime:0.000000s ]
INFO: [ app_begin ] --END-- [ RunTime:0.001001s ]
INFO: [ view_parse ] --START--
INFO: [ template_filter ] --START--
INFO: Run Behavior\ContentReplaceBehavior [ RunTime:0.000000s ]
INFO: [ template_filter ] --END-- [ RunTime:0.000000s ]
INFO: Run Behavior\ParseTemplateBehavior [ RunTime:0.006000s ]
INFO: [ view_parse ] --END-- [ RunTime:0.006000s ]
INFO: [ view_filter ] --START--
INFO: Run Behavior\WriteHtmlCacheBehavior [ RunTime:0.000000s ]
INFO: [ view_filter ] --END-- [ RunTime:0.000000s ]
INFO: [ app_end ] --START--
INFO: Run Behavior\ShowPageTraceBehavior [ RunTime:0.000000s ]
INFO: [ app_end ] --END-- [ RunTime:0.000000s ]

[ 2017-04-05T04:18:50+08:00 ] ::1 /zjkgj/gongjiao/index.php/Home/Index/left.html
INFO: [ app_init ] --START--
INFO: Run Behavior\BuildLiteBehavior [ RunTime:0.000000s ]
INFO: [ app_init ] --END-- [ RunTime:0.001000s ]
INFO: [ app_begin ] --START--
INFO: Run Behavior\ReadHtmlCacheBehavior [ RunTime:0.000000s ]
INFO: [ app_begin ] --END-- [ RunTime:0.000000s ]
INFO: [ view_parse ] --START--
INFO: [ template_filter ] --START--
INFO: Run Behavior\ContentReplaceBehavior [ RunTime:0.000000s ]
INFO: [ template_filter ] --END-- [ RunTime:0.000000s ]
INFO: Run Behavior\ParseTemplateBehavior [ RunTime:0.008001s ]
INFO: [ view_parse ] --END-- [ RunTime:0.008001s ]
INFO: [ view_filter ] --START--
INFO: Run Behavior\WriteHtmlCacheBehavior [ RunTime:0.001000s ]
INFO: [ view_filter ] --END-- [ RunTime:0.001000s ]
INFO: [ app_end ] --START--
INFO: Run Behavior\ShowPageTraceBehavior [ RunTime:0.000000s ]
INFO: [ app_end ] --END-- [ RunTime:0.000000s ]

[ 2017-04-05T04:18:53+08:00 ] ::1 /zjkgj/gongjiao/index.php/Home/Cheshen/showlist.html
INFO: [ app_init ] --START--
INFO: Run Behavior\BuildLiteBehavior [ RunTime:0.000000s ]
INFO: [ app_init ] --END-- [ RunTime:0.000000s ]
INFO: [ app_begin ] --START--
INFO: Run Behavior\ReadHtmlCacheBehavior [ RunTime:0.000000s ]
INFO: [ app_begin ] --END-- [ RunTime:0.000000s ]
SQL: SHOW COLUMNS FROM `place` [ RunTime:0.0020s ]
SQL: SELECT COUNT(*) AS tp_count FROM `place` WHERE ( status='未租出' and catename='车身广告' ) LIMIT 1   [ RunTime:0.0000s ]
SQL: SELECT `placeid`,`placeno`,`catename`,`status`,`location`,`price`,`description`,`adverno` FROM `place` WHERE ( status='未租出' and catename='车身广告' ) ORDER BY placeid LIMIT 0,2   [ RunTime:0.0010s ]
INFO: [ view_parse ] --START--
INFO: [ template_filter ] --START--
INFO: Run Behavior\ContentReplaceBehavior [ RunTime:0.000000s ]
INFO: [ template_filter ] --END-- [ RunTime:0.001000s ]
NOTIC: [8] Use of undefined constant placeid - assumed 'placeid' D:\phpStudy\WWW\zjkgj\gongjiao\Runtime\Cache\Home\72b6fd386b5d11c185b3e6c2d56888e1.php 第 97 行.
NOTIC: [8] Use of undefined constant catename - assumed 'catename' D:\phpStudy\WWW\zjkgj\gongjiao\Runtime\Cache\Home\72b6fd386b5d11c185b3e6c2d56888e1.php 第 97 行.
NOTIC: [8] Use of undefined constant location - assumed 'location' D:\phpStudy\WWW\zjkgj\gongjiao\Runtime\Cache\Home\72b6fd386b5d11c185b3e6c2d56888e1.php 第 97 行.
NOTIC: [8] Use of undefined constant price - assumed 'price' D:\phpStudy\WWW\zjkgj\gongjiao\Runtime\Cache\Home\72b6fd386b5d11c185b3e6c2d56888e1.php 第 97 行.
NOTIC: [8] Use of undefined constant placeid - assumed 'placeid' D:\phpStudy\WWW\zjkgj\gongjiao\Runtime\Cache\Home\72b6fd386b5d11c185b3e6c2d56888e1.php 第 97 行.
NOTIC: [8] Use of undefined constant catename - assumed 'catename' D:\phpStudy\WWW\zjkgj\gongjiao\Runtime\Cache\Home\72b6fd386b5d11c185b3e6c2d56888e1.php 第 97 行.
NOTIC: [8] Use of undefined constant location - assumed 'location' D:\phpStudy\WWW\zjkgj\gongjiao\Runtime\Cache\Home\72b6fd386b5d11c185b3e6c2d56888e1.php 第 97 行.
NOTIC: [8] Use of undefined constant price - assumed 'price' D:\phpStudy\WWW\zjkgj\gongjiao\Runtime\Cache\Home\72b6fd386b5d11c185b3e6c2d56888e1.php 第 97 行.
INFO: Run Behavior\ParseTemplateBehavior [ RunTime:0.006000s ]
INFO: [ view_parse ] --END-- [ RunTime:0.006000s ]
INFO: [ view_filter ] --START--
INFO: Run Behavior\WriteHtmlCacheBehavior [ RunTime:0.000000s ]
INFO: [ view_filter ] --END-- [ RunTime:0.000000s ]
INFO: [ app_end ] --START--
INFO: Run Behavior\ShowPageTraceBehavior [ RunTime:0.001000s ]
INFO: [ app_end ] --END-- [ RunTime:0.001000s ]

[ 2017-04-05T04:20:51+08:00 ] ::1 /zjkgj/gongjiao/index.php/Home/Index/index.html
INFO: [ app_init ] --START--
INFO: Run Behavior\BuildLiteBehavior [ RunTime:0.000000s ]
INFO: [ app_init ] --END-- [ RunTime:0.000000s ]
INFO: [ app_begin ] --START--
INFO: Run Behavior\ReadHtmlCacheBehavior [ RunTime:0.001000s ]
INFO: [ app_begin ] --END-- [ RunTime:0.001000s ]
INFO: [ view_parse ] --START--
INFO: [ template_filter ] --START--
INFO: Run Behavior\ContentReplaceBehavior [ RunTime:0.000000s ]
INFO: [ template_filter ] --END-- [ RunTime:0.000000s ]
INFO: Run Behavior\ParseTemplateBehavior [ RunTime:0.004000s ]
INFO: [ view_parse ] --END-- [ RunTime:0.004000s ]
INFO: [ view_filter ] --START--
INFO: Run Behavior\WriteHtmlCacheBehavior [ RunTime:0.000000s ]
INFO: [ view_filter ] --END-- [ RunTime:0.000000s ]
INFO: [ app_end ] --START--
INFO: Run Behavior\ShowPageTraceBehavior [ RunTime:0.000000s ]
INFO: [ app_end ] --END-- [ RunTime:0.000000s ]

[ 2017-04-05T04:20:51+08:00 ] ::1 /zjkgj/gongjiao/index.php/Home/Index/head.html
INFO: [ app_init ] --START--
INFO: Run Behavior\BuildLiteBehavior [ RunTime:0.000000s ]
INFO: [ app_init ] --END-- [ RunTime:0.001001s ]
INFO: [ app_begin ] --START--
INFO: Run Behavior\ReadHtmlCacheBehavior [ RunTime:0.001000s ]
INFO: [ app_begin ] --END-- [ RunTime:0.001000s ]
INFO: [ view_parse ] --START--
INFO: [ template_filter ] --START--
INFO: Run Behavior\ContentReplaceBehavior [ RunTime:0.000000s ]
INFO: [ template_filter ] --END-- [ RunTime:0.000000s ]
INFO: Run Behavior\ParseTemplateBehavior [ RunTime:0.006000s ]
INFO: [ view_parse ] --END-- [ RunTime:0.006000s ]
INFO: [ view_filter ] --START--
INFO: Run Behavior\WriteHtmlCacheBehavior [ RunTime:0.001000s ]
INFO: [ view_filter ] --END-- [ RunTime:0.001000s ]
INFO: [ app_end ] --START--
INFO: Run Behavior\ShowPageTraceBehavior [ RunTime:0.000000s ]
INFO: [ app_end ] --END-- [ RunTime:0.000000s ]

[ 2017-04-05T04:20:51+08:00 ] ::1 /zjkgj/gongjiao/index.php/Home/Index/left.html
INFO: [ app_init ] --START--
INFO: Run Behavior\BuildLiteBehavior [ RunTime:0.000000s ]
INFO: [ app_init ] --END-- [ RunTime:0.001000s ]
INFO: [ app_begin ] --START--
INFO: Run Behavior\ReadHtmlCacheBehavior [ RunTime:0.001000s ]
INFO: [ app_begin ] --END-- [ RunTime:0.001000s ]
INFO: [ view_parse ] --START--
INFO: [ template_filter ] --START--
INFO: Run Behavior\ContentReplaceBehavior [ RunTime:0.000000s ]
INFO: [ template_filter ] --END-- [ RunTime:0.001001s ]
INFO: Run Behavior\ParseTemplateBehavior [ RunTime:0.008001s ]
INFO: [ view_parse ] --END-- [ RunTime:0.009001s ]
INFO: [ view_filter ] --START--
INFO: Run Behavior\WriteHtmlCacheBehavior [ RunTime:0.000000s ]
INFO: [ view_filter ] --END-- [ RunTime:0.000000s ]
INFO: [ app_end ] --START--
INFO: Run Behavior\ShowPageTraceBehavior [ RunTime:0.001000s ]
INFO: [ app_end ] --END-- [ RunTime:0.001000s ]

[ 2017-04-05T04:20:51+08:00 ] ::1 /zjkgj/gongjiao/index.php/Home/Index/right.html
INFO: [ app_init ] --START--
INFO: Run Behavior\BuildLiteBehavior [ RunTime:0.000000s ]
INFO: [ app_init ] --END-- [ RunTime:0.000000s ]
INFO: [ app_begin ] --START--
INFO: Run Behavior\ReadHtmlCacheBehavior [ RunTime:0.000000s ]
INFO: [ app_begin ] --END-- [ RunTime:0.000000s ]
INFO: [ view_parse ] --START--
INFO: [ template_filter ] --START--
INFO: Run Behavior\ContentReplaceBehavior [ RunTime:0.000000s ]
INFO: [ template_filter ] --END-- [ RunTime:0.000000s ]
INFO: Run Behavior\ParseTemplateBehavior [ RunTime:0.006000s ]
INFO: [ view_parse ] --END-- [ RunTime:0.007000s ]
INFO: [ view_filter ] --START--
INFO: Run Behavior\WriteHtmlCacheBehavior [ RunTime:0.000000s ]
INFO: [ view_filter ] --END-- [ RunTime:0.001000s ]
INFO: [ app_end ] --START--
INFO: Run Behavior\ShowPageTraceBehavior [ RunTime:0.000000s ]
INFO: [ app_end ] --END-- [ RunTime:0.000000s ]

[ 2017-04-05T04:20:53+08:00 ] ::1 /zjkgj/gongjiao/index.php/Home/Cheshen/showlist.html
INFO: [ app_init ] --START--
INFO: Run Behavior\BuildLiteBehavior [ RunTime:0.000000s ]
INFO: [ app_init ] --END-- [ RunTime:0.001000s ]
INFO: [ app_begin ] --START--
INFO: Run Behavior\ReadHtmlCacheBehavior [ RunTime:0.001000s ]
INFO: [ app_begin ] --END-- [ RunTime:0.001000s ]
SQL: SHOW COLUMNS FROM `place` [ RunTime:0.0070s ]
SQL: SELECT COUNT(*) AS tp_count FROM `place` WHERE ( status='未租出' and catename='车身广告' ) LIMIT 1   [ RunTime:0.0000s ]
SQL: SELECT `placeid`,`placeno`,`catename`,`status`,`location`,`price`,`description`,`adverno` FROM `place` WHERE ( status='未租出' and catename='车身广告' ) ORDER BY placeid LIMIT 0,2   [ RunTime:0.0010s ]
INFO: [ view_parse ] --START--
INFO: [ template_filter ] --START--
INFO: Run Behavior\ContentReplaceBehavior [ RunTime:0.000000s ]
INFO: [ template_filter ] --END-- [ RunTime:0.001000s ]
NOTIC: [8] Use of undefined constant placeid - assumed 'placeid' D:\phpStudy\WWW\zjkgj\gongjiao\Runtime\Cache\Home\72b6fd386b5d11c185b3e6c2d56888e1.php 第 97 行.
NOTIC: [8] Use of undefined constant catename - assumed 'catename' D:\phpStudy\WWW\zjkgj\gongjiao\Runtime\Cache\Home\72b6fd386b5d11c185b3e6c2d56888e1.php 第 97 行.
NOTIC: [8] Use of undefined constant location - assumed 'location' D:\phpStudy\WWW\zjkgj\gongjiao\Runtime\Cache\Home\72b6fd386b5d11c185b3e6c2d56888e1.php 第 97 行.
NOTIC: [8] Use of undefined constant price - assumed 'price' D:\phpStudy\WWW\zjkgj\gongjiao\Runtime\Cache\Home\72b6fd386b5d11c185b3e6c2d56888e1.php 第 97 行.
NOTIC: [8] Use of undefined constant placeid - assumed 'placeid' D:\phpStudy\WWW\zjkgj\gongjiao\Runtime\Cache\Home\72b6fd386b5d11c185b3e6c2d56888e1.php 第 97 行.
NOTIC: [8] Use of undefined constant catename - assumed 'catename' D:\phpStudy\WWW\zjkgj\gongjiao\Runtime\Cache\Home\72b6fd386b5d11c185b3e6c2d56888e1.php 第 97 行.
NOTIC: [8] Use of undefined constant location - assumed 'location' D:\phpStudy\WWW\zjkgj\gongjiao\Runtime\Cache\Home\72b6fd386b5d11c185b3e6c2d56888e1.php 第 97 行.
NOTIC: [8] Use of undefined constant price - assumed 'price' D:\phpStudy\WWW\zjkgj\gongjiao\Runtime\Cache\Home\72b6fd386b5d11c185b3e6c2d56888e1.php 第 97 行.
INFO: Run Behavior\ParseTemplateBehavior [ RunTime:0.011001s ]
INFO: [ view_parse ] --END-- [ RunTime:0.012001s ]
INFO: [ view_filter ] --START--
INFO: Run Behavior\WriteHtmlCacheBehavior [ RunTime:0.000000s ]
INFO: [ view_filter ] --END-- [ RunTime:0.000000s ]
INFO: [ app_end ] --START--
INFO: Run Behavior\ShowPageTraceBehavior [ RunTime:0.001000s ]
INFO: [ app_end ] --END-- [ RunTime:0.001000s ]

[ 2017-04-05T04:21:55+08:00 ] ::1 /zjkgj/gongjiao/index.php/Home/Index/index.html
INFO: [ app_init ] --START--
INFO: Run Behavior\BuildLiteBehavior [ RunTime:0.000000s ]
INFO: [ app_init ] --END-- [ RunTime:0.000000s ]
INFO: [ app_begin ] --START--
INFO: Run Behavior\ReadHtmlCacheBehavior [ RunTime:0.000000s ]
INFO: [ app_begin ] --END-- [ RunTime:0.000000s ]
INFO: [ view_parse ] --START--
INFO: [ template_filter ] --START--
INFO: Run Behavior\ContentReplaceBehavior [ RunTime:0.000000s ]
INFO: [ template_filter ] --END-- [ RunTime:0.000000s ]
INFO: Run Behavior\ParseTemplateBehavior [ RunTime:0.004000s ]
INFO: [ view_parse ] --END-- [ RunTime:0.004000s ]
INFO: [ view_filter ] --START--
INFO: Run Behavior\WriteHtmlCacheBehavior [ RunTime:0.000000s ]
INFO: [ view_filter ] --END-- [ RunTime:0.000000s ]
INFO: [ app_end ] --START--
INFO: Run Behavior\ShowPageTraceBehavior [ RunTime:0.000000s ]
INFO: [ app_end ] --END-- [ RunTime:0.000000s ]

[ 2017-04-05T04:21:56+08:00 ] ::1 /zjkgj/gongjiao/index.php/Home/Index/head.html
INFO: [ app_init ] --START--
INFO: Run Behavior\BuildLiteBehavior [ RunTime:0.000000s ]
INFO: [ app_init ] --END-- [ RunTime:0.000000s ]
INFO: [ app_begin ] --START--
INFO: Run Behavior\ReadHtmlCacheBehavior [ RunTime:0.000000s ]
INFO: [ app_begin ] --END-- [ RunTime:0.000000s ]
INFO: [ view_parse ] --START--
INFO: [ template_filter ] --START--
INFO: Run Behavior\ContentReplaceBehavior [ RunTime:0.000000s ]
INFO: [ template_filter ] --END-- [ RunTime:0.000000s ]
INFO: Run Behavior\ParseTemplateBehavior [ RunTime:0.005000s ]
INFO: [ view_parse ] --END-- [ RunTime:0.005000s ]
INFO: [ view_filter ] --START--
INFO: Run Behavior\WriteHtmlCacheBehavior [ RunTime:0.001000s ]
INFO: [ view_filter ] --END-- [ RunTime:0.001000s ]
INFO: [ app_end ] --START--
INFO: Run Behavior\ShowPageTraceBehavior [ RunTime:0.000000s ]
INFO: [ app_end ] --END-- [ RunTime:0.000000s ]

[ 2017-04-05T04:21:56+08:00 ] ::1 /zjkgj/gongjiao/index.php/Home/Index/left.html
INFO: [ app_init ] --START--
INFO: Run Behavior\BuildLiteBehavior [ RunTime:0.000000s ]
INFO: [ app_init ] --END-- [ RunTime:0.000000s ]
INFO: [ app_begin ] --START--
INFO: Run Behavior\ReadHtmlCacheBehavior [ RunTime:0.000000s ]
INFO: [ app_begin ] --END-- [ RunTime:0.001000s ]
INFO: [ view_parse ] --START--
INFO: [ template_filter ] --START--
INFO: Run Behavior\ContentReplaceBehavior [ RunTime:0.000000s ]
INFO: [ template_filter ] --END-- [ RunTime:0.000000s ]
INFO: Run Behavior\ParseTemplateBehavior [ RunTime:0.006001s ]
INFO: [ view_parse ] --END-- [ RunTime:0.006001s ]
INFO: [ view_filter ] --START--
INFO: Run Behavior\WriteHtmlCacheBehavior [ RunTime:0.000000s ]
INFO: [ view_filter ] --END-- [ RunTime:0.000000s ]
INFO: [ app_end ] --START--
INFO: Run Behavior\ShowPageTraceBehavior [ RunTime:0.001000s ]
INFO: [ app_end ] --END-- [ RunTime:0.001000s ]

[ 2017-04-05T04:21:56+08:00 ] ::1 /zjkgj/gongjiao/index.php/Home/Index/right.html
INFO: [ app_init ] --START--
INFO: Run Behavior\BuildLiteBehavior [ RunTime:0.000000s ]
INFO: [ app_init ] --END-- [ RunTime:0.000000s ]
INFO: [ app_begin ] --START--
INFO: Run Behavior\ReadHtmlCacheBehavior [ RunTime:0.000000s ]
INFO: [ app_begin ] --END-- [ RunTime:0.000000s ]
INFO: [ view_parse ] --START--
INFO: [ template_filter ] --START--
INFO: Run Behavior\ContentReplaceBehavior [ RunTime:0.000000s ]
INFO: [ template_filter ] --END-- [ RunTime:0.000000s ]
INFO: Run Behavior\ParseTemplateBehavior [ RunTime:0.007000s ]
INFO: [ view_parse ] --END-- [ RunTime:0.008000s ]
INFO: [ view_filter ] --START--
INFO: Run Behavior\WriteHtmlCacheBehavior [ RunTime:0.000000s ]
INFO: [ view_filter ] --END-- [ RunTime:0.000000s ]
INFO: [ app_end ] --START--
INFO: Run Behavior\ShowPageTraceBehavior [ RunTime:0.000000s ]
INFO: [ app_end ] --END-- [ RunTime:0.000000s ]

[ 2017-04-05T04:21:58+08:00 ] ::1 /zjkgj/gongjiao/index.php/Home/Cheshen/showlist.html
INFO: [ app_init ] --START--
INFO: Run Behavior\BuildLiteBehavior [ RunTime:0.000000s ]
INFO: [ app_init ] --END-- [ RunTime:0.000000s ]
INFO: [ app_begin ] --START--
INFO: Run Behavior\ReadHtmlCacheBehavior [ RunTime:0.000000s ]
INFO: [ app_begin ] --END-- [ RunTime:0.000000s ]
SQL: SHOW COLUMNS FROM `place` [ RunTime:0.0020s ]
SQL: SELECT COUNT(*) AS tp_count FROM `place` WHERE ( status='未租出' and catename='车身广告' ) LIMIT 1   [ RunTime:0.0000s ]
SQL: SELECT `placeid`,`placeno`,`catename`,`status`,`location`,`price`,`description`,`adverno` FROM `place` WHERE ( status='未租出' and catename='车身广告' ) ORDER BY placeid LIMIT 0,2   [ RunTime:0.0000s ]
INFO: [ view_parse ] --START--
INFO: [ template_filter ] --START--
INFO: Run Behavior\ContentReplaceBehavior [ RunTime:0.000000s ]
INFO: [ template_filter ] --END-- [ RunTime:0.000000s ]
NOTIC: [8] Use of undefined constant placeid - assumed 'placeid' D:\phpStudy\WWW\zjkgj\gongjiao\Runtime\Cache\Home\72b6fd386b5d11c185b3e6c2d56888e1.php 第 97 行.
NOTIC: [8] Use of undefined constant catename - assumed 'catename' D:\phpStudy\WWW\zjkgj\gongjiao\Runtime\Cache\Home\72b6fd386b5d11c185b3e6c2d56888e1.php 第 97 行.
NOTIC: [8] Use of undefined constant location - assumed 'location' D:\phpStudy\WWW\zjkgj\gongjiao\Runtime\Cache\Home\72b6fd386b5d11c185b3e6c2d56888e1.php 第 97 行.
NOTIC: [8] Use of undefined constant price - assumed 'price' D:\phpStudy\WWW\zjkgj\gongjiao\Runtime\Cache\Home\72b6fd386b5d11c185b3e6c2d56888e1.php 第 97 行.
NOTIC: [8] Use of undefined constant placeid - assumed 'placeid' D:\phpStudy\WWW\zjkgj\gongjiao\Runtime\Cache\Home\72b6fd386b5d11c185b3e6c2d56888e1.php 第 97 行.
NOTIC: [8] Use of undefined constant catename - assumed 'catename' D:\phpStudy\WWW\zjkgj\gongjiao\Runtime\Cache\Home\72b6fd386b5d11c185b3e6c2d56888e1.php 第 97 行.
NOTIC: [8] Use of undefined constant location - assumed 'location' D:\phpStudy\WWW\zjkgj\gongjiao\Runtime\Cache\Home\72b6fd386b5d11c185b3e6c2d56888e1.php 第 97 行.
NOTIC: [8] Use of undefined constant price - assumed 'price' D:\phpStudy\WWW\zjkgj\gongjiao\Runtime\Cache\Home\72b6fd386b5d11c185b3e6c2d56888e1.php 第 97 行.
INFO: Run Behavior\ParseTemplateBehavior [ RunTime:0.005000s ]
INFO: [ view_parse ] --END-- [ RunTime:0.005000s ]
INFO: [ view_filter ] --START--
INFO: Run Behavior\WriteHtmlCacheBehavior [ RunTime:0.000000s ]
INFO: [ view_filter ] --END-- [ RunTime:0.000000s ]
INFO: [ app_end ] --START--
INFO: Run Behavior\ShowPageTraceBehavior [ RunTime:0.000000s ]
INFO: [ app_end ] --END-- [ RunTime:0.000000s ]

[ 2017-04-05T04:23:05+08:00 ] ::1 /zjkgj/gongjiao/index.php/Home/Cheshen/showlist.html
INFO: [ app_init ] --START--
INFO: Run Behavior\BuildLiteBehavior [ RunTime:0.000000s ]
INFO: [ app_init ] --END-- [ RunTime:0.000000s ]
INFO: [ app_begin ] --START--
INFO: Run Behavior\ReadHtmlCacheBehavior [ RunTime:0.000000s ]
INFO: [ app_begin ] --END-- [ RunTime:0.000000s ]
SQL: SHOW COLUMNS FROM `place` [ RunTime:0.0020s ]
SQL: SELECT COUNT(*) AS tp_count FROM `place` WHERE ( status='未租出' and catename='车身广告' ) LIMIT 1   [ RunTime:0.0010s ]
SQL: SELECT `placeid`,`placeno`,`catename`,`status`,`location`,`price`,`description`,`adverno` FROM `place` WHERE ( status='未租出' and catename='车身广告' ) ORDER BY placeid LIMIT 0,2   [ RunTime:0.0010s ]
INFO: [ view_parse ] --START--
INFO: [ template_filter ] --START--
INFO: Run Behavior\ContentReplaceBehavior [ RunTime:0.000000s ]
INFO: [ template_filter ] --END-- [ RunTime:0.000000s ]
NOTIC: [8] Use of undefined constant placeid - assumed 'placeid' D:\phpStudy\WWW\zjkgj\gongjiao\Runtime\Cache\Home\72b6fd386b5d11c185b3e6c2d56888e1.php 第 97 行.
NOTIC: [8] Use of undefined constant catename - assumed 'catename' D:\phpStudy\WWW\zjkgj\gongjiao\Runtime\Cache\Home\72b6fd386b5d11c185b3e6c2d56888e1.php 第 97 行.
NOTIC: [8] Use of undefined constant location - assumed 'location' D:\phpStudy\WWW\zjkgj\gongjiao\Runtime\Cache\Home\72b6fd386b5d11c185b3e6c2d56888e1.php 第 97 行.
NOTIC: [8] Use of undefined constant price - assumed 'price' D:\phpStudy\WWW\zjkgj\gongjiao\Runtime\Cache\Home\72b6fd386b5d11c185b3e6c2d56888e1.php 第 97 行.
NOTIC: [8] Use of undefined constant placeid - assumed 'placeid' D:\phpStudy\WWW\zjkgj\gongjiao\Runtime\Cache\Home\72b6fd386b5d11c185b3e6c2d56888e1.php 第 97 行.
NOTIC: [8] Use of undefined constant catename - assumed 'catename' D:\phpStudy\WWW\zjkgj\gongjiao\Runtime\Cache\Home\72b6fd386b5d11c185b3e6c2d56888e1.php 第 97 行.
NOTIC: [8] Use of undefined constant location - assumed 'location' D:\phpStudy\WWW\zjkgj\gongjiao\Runtime\Cache\Home\72b6fd386b5d11c185b3e6c2d56888e1.php 第 97 行.
NOTIC: [8] Use of undefined constant price - assumed 'price' D:\phpStudy\WWW\zjkgj\gongjiao\Runtime\Cache\Home\72b6fd386b5d11c185b3e6c2d56888e1.php 第 97 行.
INFO: Run Behavior\ParseTemplateBehavior [ RunTime:0.007000s ]
INFO: [ view_parse ] --END-- [ RunTime:0.007000s ]
INFO: [ view_filter ] --START--
INFO: Run Behavior\WriteHtmlCacheBehavior [ RunTime:0.000000s ]
INFO: [ view_filter ] --END-- [ RunTime:0.001000s ]
INFO: [ app_end ] --START--
INFO: Run Behavior\ShowPageTraceBehavior [ RunTime:0.000000s ]
INFO: [ app_end ] --END-- [ RunTime:0.000000s ]

[ 2017-04-05T04:23:15+08:00 ] ::1 /zjkgj/gongjiao/index.php/Home/Cheshen/showlist/p/2.html
INFO: [ app_init ] --START--
INFO: Run Behavior\BuildLiteBehavior [ RunTime:0.000000s ]
INFO: [ app_init ] --END-- [ RunTime:0.001000s ]
INFO: [ app_begin ] --START--
INFO: Run Behavior\ReadHtmlCacheBehavior [ RunTime:0.000000s ]
INFO: [ app_begin ] --END-- [ RunTime:0.000000s ]
SQL: SHOW COLUMNS FROM `place` [ RunTime:0.0020s ]
SQL: SELECT COUNT(*) AS tp_count FROM `place` WHERE ( status='未租出' and catename='车身广告' ) LIMIT 1   [ RunTime:0.0000s ]
SQL: SELECT `placeid`,`placeno`,`catename`,`status`,`location`,`price`,`description`,`adverno` FROM `place` WHERE ( status='未租出' and catename='车身广告' ) ORDER BY placeid LIMIT 2,2   [ RunTime:0.0010s ]
INFO: [ view_parse ] --START--
INFO: [ template_filter ] --START--
INFO: Run Behavior\ContentReplaceBehavior [ RunTime:0.000000s ]
INFO: [ template_filter ] --END-- [ RunTime:0.000000s ]
NOTIC: [8] Use of undefined constant placeid - assumed 'placeid' D:\phpStudy\WWW\zjkgj\gongjiao\Runtime\Cache\Home\72b6fd386b5d11c185b3e6c2d56888e1.php 第 97 行.
NOTIC: [8] Use of undefined constant catename - assumed 'catename' D:\phpStudy\WWW\zjkgj\gongjiao\Runtime\Cache\Home\72b6fd386b5d11c185b3e6c2d56888e1.php 第 97 行.
NOTIC: [8] Use of undefined constant location - assumed 'location' D:\phpStudy\WWW\zjkgj\gongjiao\Runtime\Cache\Home\72b6fd386b5d11c185b3e6c2d56888e1.php 第 97 行.
NOTIC: [8] Use of undefined constant price - assumed 'price' D:\phpStudy\WWW\zjkgj\gongjiao\Runtime\Cache\Home\72b6fd386b5d11c185b3e6c2d56888e1.php 第 97 行.
INFO: Run Behavior\ParseTemplateBehavior [ RunTime:0.006000s ]
INFO: [ view_parse ] --END-- [ RunTime:0.006000s ]
INFO: [ view_filter ] --START--
INFO: Run Behavior\WriteHtmlCacheBehavior [ RunTime:0.000000s ]
INFO: [ view_filter ] --END-- [ RunTime:0.001001s ]
INFO: [ app_end ] --START--
INFO: Run Behavior\ShowPageTraceBehavior [ RunTime:0.000000s ]
INFO: [ app_end ] --END-- [ RunTime:0.000000s ]

[ 2017-04-05T04:23:19+08:00 ] ::1 /zjkgj/gongjiao/index.php/Home/Cheshen/showlist/p/1.html
INFO: [ app_init ] --START--
INFO: Run Behavior\BuildLiteBehavior [ RunTime:0.000000s ]
INFO: [ app_init ] --END-- [ RunTime:0.000000s ]
INFO: [ app_begin ] --START--
INFO: Run Behavior\ReadHtmlCacheBehavior [ RunTime:0.001000s ]
INFO: [ app_begin ] --END-- [ RunTime:0.001000s ]
SQL: SHOW COLUMNS FROM `place` [ RunTime:0.0030s ]
SQL: SELECT COUNT(*) AS tp_count FROM `place` WHERE ( status='未租出' and catename='车身广告' ) LIMIT 1   [ RunTime:0.0010s ]
SQL: SELECT `placeid`,`placeno`,`catename`,`status`,`location`,`price`,`description`,`adverno` FROM `place` WHERE ( status='未租出' and catename='车身广告' ) ORDER BY placeid LIMIT 0,2   [ RunTime:0.0000s ]
INFO: [ view_parse ] --START--
INFO: [ template_filter ] --START--
INFO: Run Behavior\ContentReplaceBehavior [ RunTime:0.000000s ]
INFO: [ template_filter ] --END-- [ RunTime:0.000000s ]
NOTIC: [8] Use of undefined constant placeid - assumed 'placeid' D:\phpStudy\WWW\zjkgj\gongjiao\Runtime\Cache\Home\72b6fd386b5d11c185b3e6c2d56888e1.php 第 97 行.
NOTIC: [8] Use of undefined constant catename - assumed 'catename' D:\phpStudy\WWW\zjkgj\gongjiao\Runtime\Cache\Home\72b6fd386b5d11c185b3e6c2d56888e1.php 第 97 行.
NOTIC: [8] Use of undefined constant location - assumed 'location' D:\phpStudy\WWW\zjkgj\gongjiao\Runtime\Cache\Home\72b6fd386b5d11c185b3e6c2d56888e1.php 第 97 行.
NOTIC: [8] Use of undefined constant price - assumed 'price' D:\phpStudy\WWW\zjkgj\gongjiao\Runtime\Cache\Home\72b6fd386b5d11c185b3e6c2d56888e1.php 第 97 行.
NOTIC: [8] Use of undefined constant placeid - assumed 'placeid' D:\phpStudy\WWW\zjkgj\gongjiao\Runtime\Cache\Home\72b6fd386b5d11c185b3e6c2d56888e1.php 第 97 行.
NOTIC: [8] Use of undefined constant catename - assumed 'catename' D:\phpStudy\WWW\zjkgj\gongjiao\Runtime\Cache\Home\72b6fd386b5d11c185b3e6c2d56888e1.php 第 97 行.
NOTIC: [8] Use of undefined constant location - assumed 'location' D:\phpStudy\WWW\zjkgj\gongjiao\Runtime\Cache\Home\72b6fd386b5d11c185b3e6c2d56888e1.php 第 97 行.
NOTIC: [8] Use of undefined constant price - assumed 'price' D:\phpStudy\WWW\zjkgj\gongjiao\Runtime\Cache\Home\72b6fd386b5d11c185b3e6c2d56888e1.php 第 97 行.
INFO: Run Behavior\ParseTemplateBehavior [ RunTime:0.006000s ]
INFO: [ view_parse ] --END-- [ RunTime:0.006000s ]
INFO: [ view_filter ] --START--
INFO: Run Behavior\WriteHtmlCacheBehavior [ RunTime:0.000000s ]
INFO: [ view_filter ] --END-- [ RunTime:0.000000s ]
INFO: [ app_end ] --START--
INFO: Run Behavior\ShowPageTraceBehavior [ RunTime:0.000000s ]
INFO: [ app_end ] --END-- [ RunTime:0.000000s ]

[ 2017-04-05T04:23:50+08:00 ] ::1 /zjkgj/gongjiao/index.php/Home/Cheshen/showlist.html
INFO: [ app_init ] --START--
INFO: Run Behavior\BuildLiteBehavior [ RunTime:0.000000s ]
INFO: [ app_init ] --END-- [ RunTime:0.000000s ]
INFO: [ app_begin ] --START--
INFO: Run Behavior\ReadHtmlCacheBehavior [ RunTime:0.000000s ]
INFO: [ app_begin ] --END-- [ RunTime:0.000000s ]
SQL: SHOW COLUMNS FROM `place` [ RunTime:0.0040s ]
SQL: SELECT COUNT(*) AS tp_count FROM `place` WHERE ( status='未租出' and catename='车身广告' ) LIMIT 1   [ RunTime:0.0000s ]
SQL: SELECT `placeid`,`placeno`,`catename`,`status`,`location`,`price`,`description`,`adverno` FROM `place` WHERE ( status='未租出' and catename='车身广告' ) ORDER BY placeid LIMIT 0,3   [ RunTime:0.0000s ]
INFO: [ view_parse ] --START--
INFO: [ template_filter ] --START--
INFO: Run Behavior\ContentReplaceBehavior [ RunTime:0.000000s ]
INFO: [ template_filter ] --END-- [ RunTime:0.000000s ]
NOTIC: [8] Use of undefined constant placeid - assumed 'placeid' D:\phpStudy\WWW\zjkgj\gongjiao\Runtime\Cache\Home\72b6fd386b5d11c185b3e6c2d56888e1.php 第 97 行.
NOTIC: [8] Use of undefined constant catename - assumed 'catename' D:\phpStudy\WWW\zjkgj\gongjiao\Runtime\Cache\Home\72b6fd386b5d11c185b3e6c2d56888e1.php 第 97 行.
NOTIC: [8] Use of undefined constant location - assumed 'location' D:\phpStudy\WWW\zjkgj\gongjiao\Runtime\Cache\Home\72b6fd386b5d11c185b3e6c2d56888e1.php 第 97 行.
NOTIC: [8] Use of undefined constant price - assumed 'price' D:\phpStudy\WWW\zjkgj\gongjiao\Runtime\Cache\Home\72b6fd386b5d11c185b3e6c2d56888e1.php 第 97 行.
NOTIC: [8] Use of undefined constant placeid - assumed 'placeid' D:\phpStudy\WWW\zjkgj\gongjiao\Runtime\Cache\Home\72b6fd386b5d11c185b3e6c2d56888e1.php 第 97 行.
NOTIC: [8] Use of undefined constant catename - assumed 'catename' D:\phpStudy\WWW\zjkgj\gongjiao\Runtime\Cache\Home\72b6fd386b5d11c185b3e6c2d56888e1.php 第 97 行.
NOTIC: [8] Use of undefined constant location - assumed 'location' D:\phpStudy\WWW\zjkgj\gongjiao\Runtime\Cache\Home\72b6fd386b5d11c185b3e6c2d56888e1.php 第 97 行.
NOTIC: [8] Use of undefined constant price - assumed 'price' D:\phpStudy\WWW\zjkgj\gongjiao\Runtime\Cache\Home\72b6fd386b5d11c185b3e6c2d56888e1.php 第 97 行.
NOTIC: [8] Use of undefined constant placeid - assumed 'placeid' D:\phpStudy\WWW\zjkgj\gongjiao\Runtime\Cache\Home\72b6fd386b5d11c185b3e6c2d56888e1.php 第 97 行.
NOTIC: [8] Use of undefined constant catename - assumed 'catename' D:\phpStudy\WWW\zjkgj\gongjiao\Runtime\Cache\Home\72b6fd386b5d11c185b3e6c2d56888e1.php 第 97 行.
NOTIC: [8] Use of undefined constant location - assumed 'location' D:\phpStudy\WWW\zjkgj\gongjiao\Runtime\Cache\Home\72b6fd386b5d11c185b3e6c2d56888e1.php 第 97 行.
NOTIC: [8] Use of undefined constant price - assumed 'price' D:\phpStudy\WWW\zjkgj\gongjiao\Runtime\Cache\Home\72b6fd386b5d11c185b3e6c2d56888e1.php 第 97 行.
INFO: Run Behavior\ParseTemplateBehavior [ RunTime:0.008000s ]
INFO: [ view_parse ] --END-- [ RunTime:0.008000s ]
INFO: [ view_filter ] --START--
INFO: Run Behavior\WriteHtmlCacheBehavior [ RunTime:0.000000s ]
INFO: [ view_filter ] --END-- [ RunTime:0.000000s ]
INFO: [ app_end ] --START--
INFO: Run Behavior\ShowPageTraceBehavior [ RunTime:0.001000s ]
INFO: [ app_end ] --END-- [ RunTime:0.001000s ]

[ 2017-04-05T04:24:51+08:00 ] ::1 /zjkgj/gongjiao/index.php/Home/Zhanpai/showlist.html
INFO: [ app_init ] --START--
INFO: Run Behavior\BuildLiteBehavior [ RunTime:0.000000s ]
INFO: [ app_init ] --END-- [ RunTime:0.000000s ]
INFO: [ app_begin ] --START--
INFO: Run Behavior\ReadHtmlCacheBehavior [ RunTime:0.000000s ]
INFO: [ app_begin ] --END-- [ RunTime:0.000000s ]
SQL: SHOW COLUMNS FROM `place` [ RunTime:0.0020s ]
SQL: SELECT COUNT(*) AS tp_count FROM `place` WHERE ( status='未租出' and catename='站牌广告' ) LIMIT 1   [ RunTime:0.0000s ]
SQL: SELECT `placeid`,`placeno`,`catename`,`status`,`location`,`price`,`description`,`adverno` FROM `place` WHERE ( status='未租出' and catename='站牌广告' ) ORDER BY placeid LIMIT 0,2   [ RunTime:0.0000s ]
INFO: [ view_parse ] --START--
INFO: [ template_filter ] --START--
INFO: Run Behavior\ContentReplaceBehavior [ RunTime:0.000000s ]
INFO: [ template_filter ] --END-- [ RunTime:0.000000s ]
NOTIC: [8] Use of undefined constant placeid - assumed 'placeid' D:\phpStudy\WWW\zjkgj\gongjiao\Runtime\Cache\Home\5b5485a1eac5e6a7f0a1841d56efab2a.php 第 95 行.
NOTIC: [8] Use of undefined constant catename - assumed 'catename' D:\phpStudy\WWW\zjkgj\gongjiao\Runtime\Cache\Home\5b5485a1eac5e6a7f0a1841d56efab2a.php 第 95 行.
NOTIC: [8] Use of undefined constant location - assumed 'location' D:\phpStudy\WWW\zjkgj\gongjiao\Runtime\Cache\Home\5b5485a1eac5e6a7f0a1841d56efab2a.php 第 95 行.
NOTIC: [8] Use of undefined constant price - assumed 'price' D:\phpStudy\WWW\zjkgj\gongjiao\Runtime\Cache\Home\5b5485a1eac5e6a7f0a1841d56efab2a.php 第 95 行.
INFO: Run Behavior\ParseTemplateBehavior [ RunTime:0.005000s ]
INFO: [ view_parse ] --END-- [ RunTime:0.005000s ]
INFO: [ view_filter ] --START--
INFO: Run Behavior\WriteHtmlCacheBehavior [ RunTime:0.000000s ]
INFO: [ view_filter ] --END-- [ RunTime:0.000000s ]
INFO: [ app_end ] --START--
INFO: Run Behavior\ShowPageTraceBehavior [ RunTime:0.001000s ]
INFO: [ app_end ] --END-- [ RunTime:0.001000s ]

[ 2017-04-05T04:24:55+08:00 ] ::1 /zjkgj/gongjiao/index.php/Home/Cheshen/showlist.html
INFO: [ app_init ] --START--
INFO: Run Behavior\BuildLiteBehavior [ RunTime:0.000000s ]
INFO: [ app_init ] --END-- [ RunTime:0.000000s ]
INFO: [ app_begin ] --START--
INFO: Run Behavior\ReadHtmlCacheBehavior [ RunTime:0.000000s ]
INFO: [ app_begin ] --END-- [ RunTime:0.000000s ]
SQL: SHOW COLUMNS FROM `place` [ RunTime:0.0020s ]
SQL: SELECT COUNT(*) AS tp_count FROM `place` WHERE ( status='未租出' and catename='车身广告' ) LIMIT 1   [ RunTime:0.0010s ]
SQL: SELECT `placeid`,`placeno`,`catename`,`status`,`location`,`price`,`description`,`adverno` FROM `place` WHERE ( status='未租出' and catename='车身广告' ) ORDER BY placeid LIMIT 0,3   [ RunTime:0.0000s ]
INFO: [ view_parse ] --START--
INFO: [ template_filter ] --START--
INFO: Run Behavior\ContentReplaceBehavior [ RunTime:0.000000s ]
INFO: [ template_filter ] --END-- [ RunTime:0.000000s ]
NOTIC: [8] Use of undefined constant placeid - assumed 'placeid' D:\phpStudy\WWW\zjkgj\gongjiao\Runtime\Cache\Home\72b6fd386b5d11c185b3e6c2d56888e1.php 第 97 行.
NOTIC: [8] Use of undefined constant catename - assumed 'catename' D:\phpStudy\WWW\zjkgj\gongjiao\Runtime\Cache\Home\72b6fd386b5d11c185b3e6c2d56888e1.php 第 97 行.
NOTIC: [8] Use of undefined constant location - assumed 'location' D:\phpStudy\WWW\zjkgj\gongjiao\Runtime\Cache\Home\72b6fd386b5d11c185b3e6c2d56888e1.php 第 97 行.
NOTIC: [8] Use of undefined constant price - assumed 'price' D:\phpStudy\WWW\zjkgj\gongjiao\Runtime\Cache\Home\72b6fd386b5d11c185b3e6c2d56888e1.php 第 97 行.
NOTIC: [8] Use of undefined constant placeid - assumed 'placeid' D:\phpStudy\WWW\zjkgj\gongjiao\Runtime\Cache\Home\72b6fd386b5d11c185b3e6c2d56888e1.php 第 97 行.
NOTIC: [8] Use of undefined constant catename - assumed 'catename' D:\phpStudy\WWW\zjkgj\gongjiao\Runtime\Cache\Home\72b6fd386b5d11c185b3e6c2d56888e1.php 第 97 行.
NOTIC: [8] Use of undefined constant location - assumed 'location' D:\phpStudy\WWW\zjkgj\gongjiao\Runtime\Cache\Home\72b6fd386b5d11c185b3e6c2d56888e1.php 第 97 行.
NOTIC: [8] Use of undefined constant price - assumed 'price' D:\phpStudy\WWW\zjkgj\gongjiao\Runtime\Cache\Home\72b6fd386b5d11c185b3e6c2d56888e1.php 第 97 行.
NOTIC: [8] Use of undefined constant placeid - assumed 'placeid' D:\phpStudy\WWW\zjkgj\gongjiao\Runtime\Cache\Home\72b6fd386b5d11c185b3e6c2d56888e1.php 第 97 行.
NOTIC: [8] Use of undefined constant catename - assumed 'catename' D:\phpStudy\WWW\zjkgj\gongjiao\Runtime\Cache\Home\72b6fd386b5d11c185b3e6c2d56888e1.php 第 97 行.
NOTIC: [8] Use of undefined constant location - assumed 'location' D:\phpStudy\WWW\zjkgj\gongjiao\Runtime\Cache\Home\72b6fd386b5d11c185b3e6c2d56888e1.php 第 97 行.
NOTIC: [8] Use of undefined constant price - assumed 'price' D:\phpStudy\WWW\zjkgj\gongjiao\Runtime\Cache\Home\72b6fd386b5d11c185b3e6c2d56888e1.php 第 97 行.
INFO: Run Behavior\ParseTemplateBehavior [ RunTime:0.005000s ]
INFO: [ view_parse ] --END-- [ RunTime:0.005000s ]
INFO: [ view_filter ] --START--
INFO: Run Behavior\WriteHtmlCacheBehavior [ RunTime:0.000000s ]
INFO: [ view_filter ] --END-- [ RunTime:0.000000s ]
INFO: [ app_end ] --START--
INFO: Run Behavior\ShowPageTraceBehavior [ RunTime:0.001000s ]
INFO: [ app_end ] --END-- [ RunTime:0.001000s ]

[ 2017-04-05T04:25:02+08:00 ] ::1 /zjkgj/gongjiao/index.php/Home/Chenei/showlist.html
INFO: [ app_init ] --START--
INFO: Run Behavior\BuildLiteBehavior [ RunTime:0.000000s ]
INFO: [ app_init ] --END-- [ RunTime:0.000000s ]
INFO: [ app_begin ] --START--
INFO: Run Behavior\ReadHtmlCacheBehavior [ RunTime:0.000000s ]
INFO: [ app_begin ] --END-- [ RunTime:0.000000s ]
SQL: SHOW COLUMNS FROM `place` [ RunTime:0.0030s ]
SQL: SELECT COUNT(*) AS tp_count FROM `place` WHERE ( status='未租出' and catename='车内广告' ) LIMIT 1   [ RunTime:0.0000s ]
SQL: SELECT `placeid`,`placeno`,`catename`,`status`,`location`,`price`,`description`,`adverno` FROM `place` WHERE ( status='未租出' and catename='车内广告' ) ORDER BY placeid LIMIT 0,2   [ RunTime:0.0010s ]
INFO: [ view_parse ] --START--
INFO: [ template_filter ] --START--
INFO: Run Behavior\ContentReplaceBehavior [ RunTime:0.000000s ]
INFO: [ template_filter ] --END-- [ RunTime:0.000000s ]
NOTIC: [8] Use of undefined constant placeid - assumed 'placeid' D:\phpStudy\WWW\zjkgj\gongjiao\Runtime\Cache\Home\52b481cdd1c370500dd731660c67aa60.php 第 100 行.
NOTIC: [8] Use of undefined constant catename - assumed 'catename' D:\phpStudy\WWW\zjkgj\gongjiao\Runtime\Cache\Home\52b481cdd1c370500dd731660c67aa60.php 第 100 行.
NOTIC: [8] Use of undefined constant placeid - assumed 'placeid' D:\phpStudy\WWW\zjkgj\gongjiao\Runtime\Cache\Home\52b481cdd1c370500dd731660c67aa60.php 第 101 行.
NOTIC: [8] Use of undefined constant catename - assumed 'catename' D:\phpStudy\WWW\zjkgj\gongjiao\Runtime\Cache\Home\52b481cdd1c370500dd731660c67aa60.php 第 101 行.
NOTIC: [8] Use of undefined constant location - assumed 'location' D:\phpStudy\WWW\zjkgj\gongjiao\Runtime\Cache\Home\52b481cdd1c370500dd731660c67aa60.php 第 101 行.
NOTIC: [8] Use of undefined constant price - assumed 'price' D:\phpStudy\WWW\zjkgj\gongjiao\Runtime\Cache\Home\52b481cdd1c370500dd731660c67aa60.php 第 101 行.
NOTIC: [8] Use of undefined constant placeid - assumed 'placeid' D:\phpStudy\WWW\zjkgj\gongjiao\Runtime\Cache\Home\52b481cdd1c370500dd731660c67aa60.php 第 100 行.
NOTIC: [8] Use of undefined constant catename - assumed 'catename' D:\phpStudy\WWW\zjkgj\gongjiao\Runtime\Cache\Home\52b481cdd1c370500dd731660c67aa60.php 第 100 行.
NOTIC: [8] Use of undefined constant placeid - assumed 'placeid' D:\phpStudy\WWW\zjkgj\gongjiao\Runtime\Cache\Home\52b481cdd1c370500dd731660c67aa60.php 第 101 行.
NOTIC: [8] Use of undefined constant catename - assumed 'catename' D:\phpStudy\WWW\zjkgj\gongjiao\Runtime\Cache\Home\52b481cdd1c370500dd731660c67aa60.php 第 101 行.
NOTIC: [8] Use of undefined constant location - assumed 'location' D:\phpStudy\WWW\zjkgj\gongjiao\Runtime\Cache\Home\52b481cdd1c370500dd731660c67aa60.php 第 101 行.
NOTIC: [8] Use of undefined constant price - assumed 'price' D:\phpStudy\WWW\zjkgj\gongjiao\Runtime\Cache\Home\52b481cdd1c370500dd731660c67aa60.php 第 101 行.
INFO: Run Behavior\ParseTemplateBehavior [ RunTime:0.008000s ]
INFO: [ view_parse ] --END-- [ RunTime:0.008000s ]
INFO: [ view_filter ] --START--
INFO: Run Behavior\WriteHtmlCacheBehavior [ RunTime:0.000000s ]
INFO: [ view_filter ] --END-- [ RunTime:0.000000s ]
INFO: [ app_end ] --START--
INFO: Run Behavior\ShowPageTraceBehavior [ RunTime:0.001000s ]
INFO: [ app_end ] --END-- [ RunTime:0.001000s ]

[ 2017-04-05T04:25:05+08:00 ] ::1 /zjkgj/gongjiao/index.php/Home/Zhanpai/showlist.html
INFO: [ app_init ] --START--
INFO: Run Behavior\BuildLiteBehavior [ RunTime:0.000000s ]
INFO: [ app_init ] --END-- [ RunTime:0.000000s ]
INFO: [ app_begin ] --START--
INFO: Run Behavior\ReadHtmlCacheBehavior [ RunTime:0.000000s ]
INFO: [ app_begin ] --END-- [ RunTime:0.000000s ]
SQL: SHOW COLUMNS FROM `place` [ RunTime:0.0020s ]
SQL: SELECT COUNT(*) AS tp_count FROM `place` WHERE ( status='未租出' and catename='站牌广告' ) LIMIT 1   [ RunTime:0.0010s ]
SQL: SELECT `placeid`,`placeno`,`catename`,`status`,`location`,`price`,`description`,`adverno` FROM `place` WHERE ( status='未租出' and catename='站牌广告' ) ORDER BY placeid LIMIT 0,2   [ RunTime:0.0010s ]
INFO: [ view_parse ] --START--
INFO: [ template_filter ] --START--
INFO: Run Behavior\ContentReplaceBehavior [ RunTime:0.000000s ]
INFO: [ template_filter ] --END-- [ RunTime:0.000000s ]
NOTIC: [8] Use of undefined constant placeid - assumed 'placeid' D:\phpStudy\WWW\zjkgj\gongjiao\Runtime\Cache\Home\5b5485a1eac5e6a7f0a1841d56efab2a.php 第 95 行.
NOTIC: [8] Use of undefined constant catename - assumed 'catename' D:\phpStudy\WWW\zjkgj\gongjiao\Runtime\Cache\Home\5b5485a1eac5e6a7f0a1841d56efab2a.php 第 95 行.
NOTIC: [8] Use of undefined constant location - assumed 'location' D:\phpStudy\WWW\zjkgj\gongjiao\Runtime\Cache\Home\5b5485a1eac5e6a7f0a1841d56efab2a.php 第 95 行.
NOTIC: [8] Use of undefined constant price - assumed 'price' D:\phpStudy\WWW\zjkgj\gongjiao\Runtime\Cache\Home\5b5485a1eac5e6a7f0a1841d56efab2a.php 第 95 行.
INFO: Run Behavior\ParseTemplateBehavior [ RunTime:0.005000s ]
INFO: [ view_parse ] --END-- [ RunTime:0.005000s ]
INFO: [ view_filter ] --START--
INFO: Run Behavior\WriteHtmlCacheBehavior [ RunTime:0.001000s ]
INFO: [ view_filter ] --END-- [ RunTime:0.001000s ]
INFO: [ app_end ] --START--
INFO: Run Behavior\ShowPageTraceBehavior [ RunTime:0.000000s ]
INFO: [ app_end ] --END-- [ RunTime:0.000000s ]

[ 2017-04-05T04:25:17+08:00 ] ::1 /zjkgj/gongjiao/index.php/Home/Order/showlist.html
INFO: [ app_init ] --START--
INFO: Run Behavior\BuildLiteBehavior [ RunTime:0.000000s ]
INFO: [ app_init ] --END-- [ RunTime:0.001000s ]
INFO: [ app_begin ] --START--
INFO: Run Behavior\ReadHtmlCacheBehavior [ RunTime:0.001000s ]
INFO: [ app_begin ] --END-- [ RunTime:0.001000s ]
SQL: SHOW COLUMNS FROM `order` [ RunTime:0.0020s ]
SQL: SELECT COUNT(*) AS tp_count FROM `order` WHERE ( orderuname='dff' ) LIMIT 1   [ RunTime:0.0000s ]
SQL: SELECT * FROM `order` WHERE ( orderuname='dff' ) ORDER BY orderid LIMIT 0,10   [ RunTime:0.0010s ]
INFO: [ view_parse ] --START--
INFO: [ template_filter ] --START--
INFO: Run Behavior\ContentReplaceBehavior [ RunTime:0.000000s ]
INFO: [ template_filter ] --END-- [ RunTime:0.000000s ]
INFO: Run Behavior\ParseTemplateBehavior [ RunTime:0.005001s ]
INFO: [ view_parse ] --END-- [ RunTime:0.005001s ]
INFO: [ view_filter ] --START--
INFO: Run Behavior\WriteHtmlCacheBehavior [ RunTime:0.001000s ]
INFO: [ view_filter ] --END-- [ RunTime:0.001000s ]
INFO: [ app_end ] --START--
INFO: Run Behavior\ShowPageTraceBehavior [ RunTime:0.000000s ]
INFO: [ app_end ] --END-- [ RunTime:0.000000s ]

